Watching for file changes with StatReloader
"GET / HTTP/1.1" 302 0
Internal Server Error: /login/
Traceback (most recent call last):
  File "/home/shtodan/.local/share/virtualenvs/company-j1bPleCx/lib/python3.6/site-packages/django/core/handlers/exception.py", line 34, in inner
    response = get_response(request)
  File "/home/shtodan/.local/share/virtualenvs/company-j1bPleCx/lib/python3.6/site-packages/django/core/handlers/base.py", line 115, in _get_response
    response = self.process_exception_by_middleware(e, request)
  File "/home/shtodan/.local/share/virtualenvs/company-j1bPleCx/lib/python3.6/site-packages/django/core/handlers/base.py", line 113, in _get_response
    response = wrapped_callback(request, *callback_args, **callback_kwargs)
  File "/home/shtodan/dev/company/billing/views.py", line 60, in login
    return render(request, "billing/main_form.html", context)
  File "/home/shtodan/.local/share/virtualenvs/company-j1bPleCx/lib/python3.6/site-packages/django/shortcuts.py", line 36, in render
    content = loader.render_to_string(template_name, context, request, using=using)
  File "/home/shtodan/.local/share/virtualenvs/company-j1bPleCx/lib/python3.6/site-packages/django/template/loader.py", line 62, in render_to_string
    return template.render(context, request)
  File "/home/shtodan/.local/share/virtualenvs/company-j1bPleCx/lib/python3.6/site-packages/django/template/backends/django.py", line 61, in render
    return self.template.render(context)
  File "/home/shtodan/.local/share/virtualenvs/company-j1bPleCx/lib/python3.6/site-packages/django/template/base.py", line 171, in render
    return self._render(context)
  File "/home/shtodan/.local/share/virtualenvs/company-j1bPleCx/lib/python3.6/site-packages/django/template/base.py", line 163, in _render
    return self.nodelist.render(context)
  File "/home/shtodan/.local/share/virtualenvs/company-j1bPleCx/lib/python3.6/site-packages/django/template/base.py", line 937, in render
    bit = node.render_annotated(context)
  File "/home/shtodan/.local/share/virtualenvs/company-j1bPleCx/lib/python3.6/site-packages/django/template/base.py", line 904, in render_annotated
    return self.render(context)
  File "/home/shtodan/.local/share/virtualenvs/company-j1bPleCx/lib/python3.6/site-packages/django/template/loader_tags.py", line 150, in render
    return compiled_parent._render(context)
  File "/home/shtodan/.local/share/virtualenvs/company-j1bPleCx/lib/python3.6/site-packages/django/template/base.py", line 163, in _render
    return self.nodelist.render(context)
  File "/home/shtodan/.local/share/virtualenvs/company-j1bPleCx/lib/python3.6/site-packages/django/template/base.py", line 937, in render
    bit = node.render_annotated(context)
  File "/home/shtodan/.local/share/virtualenvs/company-j1bPleCx/lib/python3.6/site-packages/django/template/base.py", line 904, in render_annotated
    return self.render(context)
  File "/home/shtodan/.local/share/virtualenvs/company-j1bPleCx/lib/python3.6/site-packages/django/templatetags/static.py", line 106, in render
    url = self.url(context)
  File "/home/shtodan/.local/share/virtualenvs/company-j1bPleCx/lib/python3.6/site-packages/django/templatetags/static.py", line 103, in url
    return self.handle_simple(path)
  File "/home/shtodan/.local/share/virtualenvs/company-j1bPleCx/lib/python3.6/site-packages/django/templatetags/static.py", line 118, in handle_simple
    return staticfiles_storage.url(path)
  File "/home/shtodan/.local/share/virtualenvs/company-j1bPleCx/lib/python3.6/site-packages/django/contrib/staticfiles/storage.py", line 153, in url
    return self._url(self.stored_name, name, force)
  File "/home/shtodan/.local/share/virtualenvs/company-j1bPleCx/lib/python3.6/site-packages/django/contrib/staticfiles/storage.py", line 132, in _url
    hashed_name = hashed_name_func(*args)
  File "/home/shtodan/.local/share/virtualenvs/company-j1bPleCx/lib/python3.6/site-packages/django/contrib/staticfiles/storage.py", line 420, in stored_name
    raise ValueError("Missing staticfiles manifest entry for '%s'" % clean_name)
ValueError: Missing staticfiles manifest entry for 'billing/img/logo/logo_icon.ico'
"GET /login/ HTTP/1.1" 500 27
Not Found: /favicon.ico
"GET /favicon.ico HTTP/1.1" 404 77
Watching for file changes with StatReloader
"GET /login/ HTTP/1.1" 200 3785
"GET /static/billing/css/core.bb9e28045947.css HTTP/1.1" 200 103
"GET /static/billing/libs/jqGrid/ui.jqgrid.0dc89c7e392b.css HTTP/1.1" 200 3419
"GET /static/billing/libs/jqGrid/jquery.jqGrid.min.d2e15c1b26a6.js HTTP/1.1" 200 86184
"GET /static/billing/js/core.fb34b48b8488.js HTTP/1.1" 200 267
"GET /static/billing/img/logo/part_logo.2bbf0ca79121.png HTTP/1.1" 200 44423
"GET /static/billing/img/logo/logo_icon.289367064f0d.ico HTTP/1.1" 200 869
"POST /login/ HTTP/1.1" 302 0
"GET / HTTP/1.1" 200 3429
"GET /invoices/ HTTP/1.1" 200 6737
"GET /invoices/2/invoice/download/ HTTP/1.1" 200 74355
"GET / HTTP/1.1" 200 3429
"GET /kpo/ HTTP/1.1" 200 3606
"POST /kpo/ HTTP/1.1" 302 0
"GET /kpo/download/2019/ HTTP/1.1" 200 6315
"GET /admin HTTP/1.1" 301 0
"GET /admin/ HTTP/1.1" 200 20990
"GET /static/admin/css/base.ae33e6383baa.css HTTP/1.1" 200 3913
"GET /static/admin/css/dashboard.7ac78187c567.css HTTP/1.1" 200 251
"GET /static/admin/css/responsive.3a465780d49f.css HTTP/1.1" 200 3300
"GET /static/admin/css/fonts.168bab448fee.css HTTP/1.1" 200 189
"GET /static/admin/img/icon-addlink.d519b3bab011.svg HTTP/1.1" 200 206
"GET /static/admin/img/icon-changelink.18d2fd706348.svg HTTP/1.1" 200 269
"GET /static/admin/fonts/Roboto-Regular-webfont.35b07eb2f871.woff HTTP/1.1" 200 85876
"GET /static/admin/fonts/Roboto-Bold-webfont.50d75e48e0a3.woff HTTP/1.1" 200 86184
"GET /static/admin/fonts/Roboto-Light-webfont.c73eb1ceba33.woff HTTP/1.1" 200 85692
"GET /admin/billing/currencyrelation/ HTTP/1.1" 200 3407
"GET /static/admin/css/changelists.f6dc691f8d62.css HTTP/1.1" 200 1492
"GET /static/admin/js/jquery.init.95b62fa19378.js HTTP/1.1" 200 240
"GET /static/admin/js/core.a004ed25a257.js HTTP/1.1" 200 1834
"GET /static/admin/js/admin/RelatedObjectLookups.ea0683bea064.js HTTP/1.1" 200 1845
"GET /static/admin/js/vendor/jquery/jquery.min.9c86871c4213.js HTTP/1.1" 200 30303
"GET /static/admin/js/actions.min.5fa8cb0403f1.js HTTP/1.1" 200 1122
"GET /static/admin/js/prepopulate.min.85fd5e0fb706.js HTTP/1.1" 200 247
"GET /static/admin/js/urlify.67bae52223e0.js HTTP/1.1" 200 2925
"GET /static/admin/js/vendor/xregexp/xregexp.min.c95393b8ca4d.js HTTP/1.1" 200 23476
"GET /admin/jsi18n/ HTTP/1.1" 200 3223
"GET /static/admin/img/tooltag-add.e59d620a9742.svg HTTP/1.1" 200 203
"GET /admin/billing/currencyrelation/add/ HTTP/1.1" 200 7391
"GET /static/admin/js/calendar.aae57adab5f6.js HTTP/1.1" 200 2086
"GET /static/admin/js/admin/DateTimeShortcuts.efa703f6f0b3.js HTTP/1.1" 200 3834
"GET /static/admin/css/forms.31b2f650d92e.css HTTP/1.1" 200 2133
"GET /static/admin/js/prepopulate_init.0d3b53c37074.js HTTP/1.1" 200 270
"GET /admin/jsi18n/ HTTP/1.1" 200 3223
"GET /static/admin/js/change_form.9e85003a1a38.js HTTP/1.1" 200 369
"GET /static/admin/css/widgets.5e372b41c483.css HTTP/1.1" 200 2303
"GET /static/admin/img/icon-calendar.ac7aea671bea.svg HTTP/1.1" 200 438
"POST /admin/billing/currencyrelation/add/ HTTP/1.1" 302 0
"GET /admin/billing/currencyrelation/ HTTP/1.1" 200 4827
"GET /admin/jsi18n/ HTTP/1.1" 200 3223
"GET /static/admin/img/icon-yes.d2f9f035226a.svg HTTP/1.1" 200 266
"GET /admin/billing/currencyrelation/add/ HTTP/1.1" 200 7391
"GET /admin/jsi18n/ HTTP/1.1" 200 3223
"POST /admin/billing/currencyrelation/add/ HTTP/1.1" 302 0
"GET /admin/billing/currencyrelation/ HTTP/1.1" 200 5070
"GET /admin/jsi18n/ HTTP/1.1" 200 3223
"GET / HTTP/1.1" 200 3429
"GET /kpo/ HTTP/1.1" 200 3606
"POST /kpo/ HTTP/1.1" 302 0
"GET /kpo/download/2019/ HTTP/1.1" 200 6329
"GET /admin/ HTTP/1.1" 200 20957
"GET /admin/billing/invoice/ HTTP/1.1" 200 5089
"GET /admin/jsi18n/ HTTP/1.1" 200 3223
"GET /admin/billing/invoice/4/change/ HTTP/1.1" 200 9538
"GET /admin/jsi18n/ HTTP/1.1" 200 3223
"GET /admin/billing/invoice/ HTTP/1.1" 200 5089
"GET /admin/jsi18n/ HTTP/1.1" 200 3223
"GET /admin/billing/invoice/4/change/ HTTP/1.1" 200 9538
"GET /admin/billing/invoice/ HTTP/1.1" 200 5089
"GET /admin/billing/invoice/2/change/ HTTP/1.1" 200 9543
"GET /admin/jsi18n/ HTTP/1.1" 200 3223
"GET /admin/billing/invoice/ HTTP/1.1" 200 5089
"GET /admin/billing/invoice/3/change/ HTTP/1.1" 200 9543
"GET /admin/jsi18n/ HTTP/1.1" 200 3223
"GET /admin/billing/invoice/ HTTP/1.1" 200 5089
"GET /admin/billing/invoice/4/change/ HTTP/1.1" 200 9538
"GET /admin/jsi18n/ HTTP/1.1" 200 3223
"GET /admin/ HTTP/1.1" 200 20957
"GET / HTTP/1.1" 200 3429
"GET /kpo/ HTTP/1.1" 200 3606
"POST /kpo/ HTTP/1.1" 302 0
"GET /kpo/download/2019/ HTTP/1.1" 200 6329
"GET /admin/ HTTP/1.1" 200 20957
"GET /admin/billing/customer/ HTTP/1.1" 200 4790
"GET /admin/jsi18n/ HTTP/1.1" 200 3223
"GET /admin/billing/customer/2/change/ HTTP/1.1" 200 12009
"GET /admin/jsi18n/ HTTP/1.1" 200 3223
"GET /admin/billing/customer/ HTTP/1.1" 200 4790
"GET /admin/billing/ HTTP/1.1" 200 16499
"GET /admin/billing/companybankaccount/ HTTP/1.1" 200 4639
"GET /admin/jsi18n/ HTTP/1.1" 200 3223
"GET /admin/billing/companybankaccount/1/change/ HTTP/1.1" 200 8830
"GET /admin/jsi18n/ HTTP/1.1" 200 3223
"GET /admin/billing/companybankaccount/ HTTP/1.1" 200 4639
"GET /admin/jsi18n/ HTTP/1.1" 200 3223
"GET /admin/billing/companybankaccount/1/change/ HTTP/1.1" 200 8830
"GET /admin/jsi18n/ HTTP/1.1" 200 3223
"GET /admin/billing/companybankaccount/ HTTP/1.1" 200 4639
"GET /admin/jsi18n/ HTTP/1.1" 200 3223
"GET /admin/billing/ HTTP/1.1" 200 16499
"GET /admin/billing/issuer/ HTTP/1.1" 200 4501
"GET /admin/jsi18n/ HTTP/1.1" 200 3223
"GET /admin/billing/issuer/1/change/ HTTP/1.1" 200 8874
"GET /admin/jsi18n/ HTTP/1.1" 200 3223
"GET /admin/billing/issuer/ HTTP/1.1" 200 4501
"GET /admin/billing/ HTTP/1.1" 200 16499
"GET /admin/billing/companybankaccount/ HTTP/1.1" 200 4639
/home/shtodan/dev/company/billing/models.py changed, reloading.
Watching for file changes with StatReloader
Watching for file changes with StatReloader
"GET / HTTP/1.1" 200 3429
"GET /kpo/ HTTP/1.1" 200 3606
"POST /kpo/ HTTP/1.1" 302 0
"GET /kpo/download/2019/ HTTP/1.1" 200 6333
